1655733037889	geckodriver	INFO	Listening on 127.0.0.1:54471
1655733040907	mozrunner::runner	INFO	Running command: "C:\\Program Files (x86)\\Mozilla Firefox\\firefox.exe" "--marionette" "--remote-debugging-port" "54472" "--remote-allow-hosts" "localhost" "-no-remote" "-profile" "C:\\Users\\khimn\\AppData\\Local\\Temp\\rust_mozprofileFgaPVd"
1655733041641	Marionette	INFO	Marionette enabled
WebDriver BiDi listening on ws://localhost:54472
console.warn: SearchSettings: "get: No settings file exists, new profile?" (new NotFoundError("Could not open the file at C:\\Users\\khimn\\AppData\\Local\\Temp\\rust_mozprofileFgaPVd\\search.json.mozlz4", (void 0)))
1655733043249	Marionette	INFO	Listening on port 54493
Read port: 54493
1655733043310	RemoteAgent	WARN	TLS certificate errors will be ignored for this session
DevTools listening on ws://localhost:54472/devtools/browser/1655733046351	mozrunner::runner	INFO	R1655733054191	Marionette	INFO	Stopped listening on port 54493
console.warn: TopSitesFeed: Failed to fetch data from Contile server: NetworkError when attempting to fetch resource.
:\\Users\\khimn\\AppData\\Local\\Temp\\rust_mozprofileijXY1t"
1655733046622	Marionette	INFO	Marionette enabled
WebDriver BiDi listening on ws://localhost:54496
console.warn: SearchSettings: "get: No settings file exists, new profile?" (new NotFoundError("Could not open the file at C:\\Users\\khimn\\AppData\\Local\\Temp\\rust_mozprofileijXY1t\\search.json.mozlz4", (void 0)))
1655733048002	Marionette	INFO	Listening on port 54535
DevTools listening on ws://localhost:54496/devtools/browser/10e0af96-265c-42ff-9b2c-33660e45b08a
Read port: 54535
1655733048087	RemoteAgent	WARN	TLS certificate errors will be ignored for this session
console.warn: LoginRecipes: "getRecipes: falling back to a synchronous message for:" "https://www.chewy.com"
console.warn: LoginRecipes: "getRecipes: falling back to a synchronous message for:" "https://www.chewy.com"
JavaScript warning: https://www.chewy.com/C7sD1nJ5sa/1ISW7pJp/ec/b1t7mtmDma3Y/BzYlJg/YUEKBX/5FJQ4, line 1: WEBGL_debug_renderer_info is deprecated in Firefox and will be removed. Please use RENDERER.
JavaScript error: , line 0: TypeError: ServiceWorker script at https://www.chewy.com/akam-sw.js for scope https://www.chewy.com/ encountered an error during installation.
console.warn: LoginRecipes: "getRecipes: falling back to a synchronous message for:" "https://www.chewy.com"
console.warn: LoginRecipes: "getRecipes: falling back to a synchronous message for:" "https://www.chewy.com"
JavaScript error: resource://gre/modules/LoginManagerParent.jsm, line 136: TypeError: gRecipeManager is null
console.warn: LoginRecipes: "getRecipes: falling back to a synchronous message for:" "https://www.chewy.com"
JavaScript error: resource://gre/modules/LoginManagerParent.jsm, line 136: TypeError: gRecipeManager is null
1655733077539	Marionette	INFO	Stopped listening on port 54535
console.warn: TopSitesFeed: Failed to fetch data from Contile server: NetworkError when attempting to fetch resource.
[Parent 23188, IPC I/O Parent] WARNING: file /builds/worker/checkouts/gecko/ipc/chromium/src/base/process_util_win.cc:167
